<?xml version="1.0" encoding="UTF-8"?>
<!-- Generated by org.testng.reporters.JUnitXMLReporter -->
<testsuite hostname="mistyche-MS-1688" name="Command line test" tests="7" failures="0" timestamp="6 Sep 2015 16:57:07 GMT" time="20.654" errors="0">
  <testcase name="divisionTest" time="1.772" classname="oa.selenium.FrameworkClean.tests.FanctionalTest"/>
  <testcase name="minusTest" time="1.595" classname="oa.selenium.FrameworkClean.tests.FanctionalTest"/>
  <testcase name="multTest" time="1.569" classname="oa.selenium.FrameworkClean.tests.FanctionalTest"/>
  <testcase name="plusTest" time="1.748" classname="oa.selenium.FrameworkClean.tests.FanctionalTest"/>
  <testcase name="SmokeTest1" time="0.344" classname="oa.selenium.FrameworkClean.tests.SmokeTest"/>
  <testcase name="SmokeTest2" time="0.926" classname="oa.selenium.FrameworkClean.tests.SmokeTest"/>
  <testcase name="SmokeTest3" time="0.802" classname="oa.selenium.FrameworkClean.tests.SmokeTest"/>
</testsuite> <!-- Command line test -->
