<?xml version="1.0" encoding="UTF-8"?>
<!-- Generated by org.testng.reporters.JUnitXMLReporter -->
<testsuite hostname="mistyche-MS-1688" name="CalcTestSuit" tests="7" failures="0" timestamp="6 Sep 2015 17:08:01 GMT" time="16.427" errors="0">
  <testcase name="SmokeTest1" time="0.313" classname="oa.selenium.FrameworkClean.tests.SmokeTest"/>
  <testcase name="SmokeTest2" time="0.906" classname="oa.selenium.FrameworkClean.tests.SmokeTest"/>
  <testcase name="SmokeTest3" time="0.751" classname="oa.selenium.FrameworkClean.tests.SmokeTest"/>
  <testcase name="divisionTest" time="1.75" classname="oa.selenium.FrameworkClean.tests.FanctionalTest"/>
  <testcase name="minusTest" time="1.557" classname="oa.selenium.FrameworkClean.tests.FanctionalTest"/>
  <testcase name="multTest" time="1.577" classname="oa.selenium.FrameworkClean.tests.FanctionalTest"/>
  <testcase name="plusTest" time="1.569" classname="oa.selenium.FrameworkClean.tests.FanctionalTest"/>
</testsuite> <!-- CalcTestSuit -->
