<?xml version="1.0" encoding="UTF-8"?>
<!-- Generated by org.testng.reporters.JUnitXMLReporter -->
<testsuite hostname="mistyche-MS-1688" name="CalcTestSuit" tests="7" failures="0" timestamp="9 Sep 2015 11:33:43 GMT" time="28.963" errors="0">
  <testcase name="SmokeTest1" time="0.391" classname="oa.selenium.FrameworkClean.tests.SmokeTest"/>
  <testcase name="SmokeTest2" time="1.023" classname="oa.selenium.FrameworkClean.tests.SmokeTest"/>
  <testcase name="SmokeTest3" time="0.76" classname="oa.selenium.FrameworkClean.tests.SmokeTest"/>
  <testcase name="divisionTest" time="1.725" classname="oa.selenium.FrameworkClean.tests.FanctionalTest"/>
  <testcase name="minusTest" time="1.556" classname="oa.selenium.FrameworkClean.tests.FanctionalTest"/>
  <testcase name="multTest" time="1.616" classname="oa.selenium.FrameworkClean.tests.FanctionalTest"/>
  <testcase name="plusTest" time="1.635" classname="oa.selenium.FrameworkClean.tests.FanctionalTest"/>
</testsuite> <!-- CalcTestSuit -->
