<?xml version="1.0" encoding="UTF-8"?>
<testng-results skipped="0" failed="0" total="7" passed="7">
  <reporter-output>
  </reporter-output>
  <suite name="FrameworkClean" duration-ms="36653" started-at="2015-08-30T07:05:03Z" finished-at="2015-08-30T07:05:39Z">
    <groups>
    </groups>
    <test name="CalcTestSuit" duration-ms="36653" started-at="2015-08-30T07:05:03Z" finished-at="2015-08-30T07:05:39Z">
      <class name="oa.selenium.FrameworkClean.tests.SmokeTest">
        <test-method status="PASS" signature="setUp()[pri:0, instance:oa.selenium.FrameworkClean.tests.SmokeTest@159a690]" name="setUp" is-config="true" duration-ms="13956" started-at="2015-08-30T10:05:03Z" finished-at="2015-08-30T10:05:17Z">
          <reporter-output>
          </reporter-output>
        </test-method> <!-- setUp -->
        <test-method status="PASS" signature="SmokeTest1()[pri:0, instance:oa.selenium.FrameworkClean.tests.SmokeTest@159a690]" name="SmokeTest1" duration-ms="857" started-at="2015-08-30T10:05:17Z" finished-at="2015-08-30T10:05:17Z">
          <reporter-output>
          </reporter-output>
        </test-method> <!-- SmokeTest1 -->
        <test-method status="PASS" signature="logsAccess()[pri:0, instance:oa.selenium.FrameworkClean.tests.SmokeTest@159a690]" name="logsAccess" is-config="true" duration-ms="33" started-at="2015-08-30T10:05:17Z" finished-at="2015-08-30T10:05:18Z">
          <reporter-output>
          </reporter-output>
        </test-method> <!-- logsAccess -->
        <test-method status="PASS" signature="SmokeTest2()[pri:0, instance:oa.selenium.FrameworkClean.tests.SmokeTest@159a690]" name="SmokeTest2" duration-ms="2502" started-at="2015-08-30T10:05:18Z" finished-at="2015-08-30T10:05:20Z">
          <reporter-output>
          </reporter-output>
        </test-method> <!-- SmokeTest2 -->
        <test-method status="PASS" signature="logsAccess()[pri:0, instance:oa.selenium.FrameworkClean.tests.SmokeTest@159a690]" name="logsAccess" is-config="true" duration-ms="45" started-at="2015-08-30T10:05:20Z" finished-at="2015-08-30T10:05:20Z">
          <reporter-output>
          </reporter-output>
        </test-method> <!-- logsAccess -->
        <test-method status="PASS" signature="SmokeTest3()[pri:0, instance:oa.selenium.FrameworkClean.tests.SmokeTest@159a690]" name="SmokeTest3" duration-ms="996" started-at="2015-08-30T10:05:20Z" finished-at="2015-08-30T10:05:21Z">
          <reporter-output>
          </reporter-output>
        </test-method> <!-- SmokeTest3 -->
        <test-method status="PASS" signature="logsAccess()[pri:0, instance:oa.selenium.FrameworkClean.tests.SmokeTest@159a690]" name="logsAccess" is-config="true" duration-ms="43" started-at="2015-08-30T10:05:21Z" finished-at="2015-08-30T10:05:21Z">
          <reporter-output>
          </reporter-output>
        </test-method> <!-- logsAccess -->
        <test-method status="PASS" signature="tearDown()[pri:0, instance:oa.selenium.FrameworkClean.tests.SmokeTest@159a690]" name="tearDown" is-config="true" duration-ms="103" started-at="2015-08-30T10:05:21Z" finished-at="2015-08-30T10:05:21Z">
          <reporter-output>
          </reporter-output>
        </test-method> <!-- tearDown -->
      </class> <!-- oa.selenium.FrameworkClean.tests.SmokeTest -->
      <class name="oa.selenium.FrameworkClean.tests.FanctionalTest">
        <test-method status="PASS" signature="setUp()[pri:0, instance:oa.selenium.FrameworkClean.tests.FanctionalTest@1258595]" name="setUp" is-config="true" duration-ms="9138" started-at="2015-08-30T10:05:21Z" finished-at="2015-08-30T10:05:30Z">
          <reporter-output>
          </reporter-output>
        </test-method> <!-- setUp -->
        <test-method status="PASS" signature="divisionTest()[pri:0, instance:oa.selenium.FrameworkClean.tests.FanctionalTest@1258595]" name="divisionTest" duration-ms="3102" started-at="2015-08-30T10:05:30Z" finished-at="2015-08-30T10:05:33Z">
          <reporter-output>
          </reporter-output>
        </test-method> <!-- divisionTest -->
        <test-method status="PASS" signature="logsAccess()[pri:0, instance:oa.selenium.FrameworkClean.tests.FanctionalTest@1258595]" name="logsAccess" is-config="true" duration-ms="73" started-at="2015-08-30T10:05:33Z" finished-at="2015-08-30T10:05:34Z">
          <reporter-output>
          </reporter-output>
        </test-method> <!-- logsAccess -->
        <test-method status="PASS" signature="minusTest()[pri:0, instance:oa.selenium.FrameworkClean.tests.FanctionalTest@1258595]" name="minusTest" duration-ms="2009" started-at="2015-08-30T10:05:34Z" finished-at="2015-08-30T10:05:36Z">
          <reporter-output>
          </reporter-output>
        </test-method> <!-- minusTest -->
        <test-method status="PASS" signature="logsAccess()[pri:0, instance:oa.selenium.FrameworkClean.tests.FanctionalTest@1258595]" name="logsAccess" is-config="true" duration-ms="69" started-at="2015-08-30T10:05:36Z" finished-at="2015-08-30T10:05:36Z">
          <reporter-output>
          </reporter-output>
        </test-method> <!-- logsAccess -->
        <test-method status="PASS" signature="multTest()[pri:0, instance:oa.selenium.FrameworkClean.tests.FanctionalTest@1258595]" name="multTest" duration-ms="1774" started-at="2015-08-30T10:05:36Z" finished-at="2015-08-30T10:05:37Z">
          <reporter-output>
          </reporter-output>
        </test-method> <!-- multTest -->
        <test-method status="PASS" signature="logsAccess()[pri:0, instance:oa.selenium.FrameworkClean.tests.FanctionalTest@1258595]" name="logsAccess" is-config="true" duration-ms="64" started-at="2015-08-30T10:05:37Z" finished-at="2015-08-30T10:05:37Z">
          <reporter-output>
          </reporter-output>
        </test-method> <!-- logsAccess -->
        <test-method status="PASS" signature="plusTest()[pri:0, instance:oa.selenium.FrameworkClean.tests.FanctionalTest@1258595]" name="plusTest" duration-ms="1707" started-at="2015-08-30T10:05:37Z" finished-at="2015-08-30T10:05:39Z">
          <reporter-output>
          </reporter-output>
        </test-method> <!-- plusTest -->
        <test-method status="PASS" signature="logsAccess()[pri:0, instance:oa.selenium.FrameworkClean.tests.FanctionalTest@1258595]" name="logsAccess" is-config="true" duration-ms="63" started-at="2015-08-30T10:05:39Z" finished-at="2015-08-30T10:05:39Z">
          <reporter-output>
          </reporter-output>
        </test-method> <!-- logsAccess -->
        <test-method status="PASS" signature="tearDown()[pri:0, instance:oa.selenium.FrameworkClean.tests.FanctionalTest@1258595]" name="tearDown" is-config="true" duration-ms="88" started-at="2015-08-30T10:05:39Z" finished-at="2015-08-30T10:05:39Z">
          <reporter-output>
          </reporter-output>
        </test-method> <!-- tearDown -->
      </class> <!-- oa.selenium.FrameworkClean.tests.FanctionalTest -->
    </test> <!-- CalcTestSuit -->
  </suite> <!-- FrameworkClean -->
</testng-results>
